CRITICAL - 2024-08-28 11:15:19 --> ErrorException: Undefined variable $users
[Method: GET, Route: /]
in APPPATH\Views\user\index.php on line 23.
 1 APPPATH\Views\user\index.php(23): CodeIgniter\Debug\Exceptions->errorHandler(2, 'Undefined variable $users', 'C:\\Gabriel_Main\\Gabriel_Project\\Gabriel_Project_Pribadi\\PHP\\laciasmara\\app\\Views\\user\\index.php', 23)
 2 SYSTEMPATH\View\View.php(234): include('C:\\Gabriel_Main\\Gabriel_Project\\Gabriel_Project_Pribadi\\PHP\\laciasmara\\app\\Views\\user\\index.php')
 3 SYSTEMPATH\View\View.php(237): CodeIgniter\View\View->CodeIgniter\View\{closure}()
 4 SYSTEMPATH\Common.php(1169): CodeIgniter\View\View->render('user/index', [], true)
 5 APPPATH\Controllers\UserController.php(12): view('user/index')
 6 SYSTEMPATH\CodeIgniter.php(933): App\Controllers\UserController->index()
 7 SYSTEMPATH\CodeIgniter.php(509): CodeIgniter\CodeIgniter->runController(Object(App\Controllers\UserController))
 8 SYSTEMPATH\CodeIgniter.php(355): CodeIgniter\CodeIgniter->handleRequest(null, Object(Config\Cache), false)
 9 SYSTEMPATH\Boot.php(325): CodeIgniter\CodeIgniter->run()
10 SYSTEMPATH\Boot.php(67): CodeIgniter\Boot::runCodeIgniter(Object(CodeIgniter\CodeIgniter))
11 FCPATH\index.php(56): CodeIgniter\Boot::bootWeb(Object(Config\Paths))
12 SYSTEMPATH\rewrite.php(44): require_once('C:\\Gabriel_Main\\Gabriel_Project\\Gabriel_Project_Pribadi\\PHP\\laciasmara\\public\\index.php')
CRITICAL - 2024-08-28 11:15:42 --> ErrorException: Undefined variable $users
[Method: GET, Route: /]
in APPPATH\Views\user\index.php on line 23.
 1 APPPATH\Views\user\index.php(23): CodeIgniter\Debug\Exceptions->errorHandler(2, 'Undefined variable $users', 'C:\\Gabriel_Main\\Gabriel_Project\\Gabriel_Project_Pribadi\\PHP\\laciasmara\\app\\Views\\user\\index.php', 23)
 2 SYSTEMPATH\View\View.php(234): include('C:\\Gabriel_Main\\Gabriel_Project\\Gabriel_Project_Pribadi\\PHP\\laciasmara\\app\\Views\\user\\index.php')
 3 SYSTEMPATH\View\View.php(237): CodeIgniter\View\View->CodeIgniter\View\{closure}()
 4 SYSTEMPATH\Common.php(1169): CodeIgniter\View\View->render('user/index', [], true)
 5 APPPATH\Controllers\UserController.php(12): view('user/index')
 6 SYSTEMPATH\CodeIgniter.php(933): App\Controllers\UserController->index()
 7 SYSTEMPATH\CodeIgniter.php(509): CodeIgniter\CodeIgniter->runController(Object(App\Controllers\UserController))
 8 SYSTEMPATH\CodeIgniter.php(355): CodeIgniter\CodeIgniter->handleRequest(null, Object(Config\Cache), false)
 9 SYSTEMPATH\Boot.php(325): CodeIgniter\CodeIgniter->run()
10 SYSTEMPATH\Boot.php(67): CodeIgniter\Boot::runCodeIgniter(Object(CodeIgniter\CodeIgniter))
11 FCPATH\index.php(56): CodeIgniter\Boot::bootWeb(Object(Config\Paths))
12 SYSTEMPATH\rewrite.php(44): require_once('C:\\Gabriel_Main\\Gabriel_Project\\Gabriel_Project_Pribadi\\PHP\\laciasmara\\public\\index.php')
CRITICAL - 2024-08-28 11:15:42 --> ErrorException: Undefined variable $users
[Method: GET, Route: /]
in APPPATH\Views\user\index.php on line 23.
 1 APPPATH\Views\user\index.php(23): CodeIgniter\Debug\Exceptions->errorHandler(2, 'Undefined variable $users', 'C:\\Gabriel_Main\\Gabriel_Project\\Gabriel_Project_Pribadi\\PHP\\laciasmara\\app\\Views\\user\\index.php', 23)
 2 SYSTEMPATH\View\View.php(234): include('C:\\Gabriel_Main\\Gabriel_Project\\Gabriel_Project_Pribadi\\PHP\\laciasmara\\app\\Views\\user\\index.php')
 3 SYSTEMPATH\View\View.php(237): CodeIgniter\View\View->CodeIgniter\View\{closure}()
 4 SYSTEMPATH\Common.php(1169): CodeIgniter\View\View->render('user/index', [], true)
 5 APPPATH\Controllers\UserController.php(12): view('user/index')
 6 SYSTEMPATH\CodeIgniter.php(933): App\Controllers\UserController->index()
 7 SYSTEMPATH\CodeIgniter.php(509): CodeIgniter\CodeIgniter->runController(Object(App\Controllers\UserController))
 8 SYSTEMPATH\CodeIgniter.php(355): CodeIgniter\CodeIgniter->handleRequest(null, Object(Config\Cache), false)
 9 SYSTEMPATH\Boot.php(325): CodeIgniter\CodeIgniter->run()
10 SYSTEMPATH\Boot.php(67): CodeIgniter\Boot::runCodeIgniter(Object(CodeIgniter\CodeIgniter))
11 FCPATH\index.php(56): CodeIgniter\Boot::bootWeb(Object(Config\Paths))
12 SYSTEMPATH\rewrite.php(44): require_once('C:\\Gabriel_Main\\Gabriel_Project\\Gabriel_Project_Pribadi\\PHP\\laciasmara\\public\\index.php')
CRITICAL - 2024-08-28 11:15:43 --> ErrorException: Undefined variable $users
[Method: GET, Route: /]
in APPPATH\Views\user\index.php on line 23.
 1 APPPATH\Views\user\index.php(23): CodeIgniter\Debug\Exceptions->errorHandler(2, 'Undefined variable $users', 'C:\\Gabriel_Main\\Gabriel_Project\\Gabriel_Project_Pribadi\\PHP\\laciasmara\\app\\Views\\user\\index.php', 23)
 2 SYSTEMPATH\View\View.php(234): include('C:\\Gabriel_Main\\Gabriel_Project\\Gabriel_Project_Pribadi\\PHP\\laciasmara\\app\\Views\\user\\index.php')
 3 SYSTEMPATH\View\View.php(237): CodeIgniter\View\View->CodeIgniter\View\{closure}()
 4 SYSTEMPATH\Common.php(1169): CodeIgniter\View\View->render('user/index', [], true)
 5 APPPATH\Controllers\UserController.php(12): view('user/index')
 6 SYSTEMPATH\CodeIgniter.php(933): App\Controllers\UserController->index()
 7 SYSTEMPATH\CodeIgniter.php(509): CodeIgniter\CodeIgniter->runController(Object(App\Controllers\UserController))
 8 SYSTEMPATH\CodeIgniter.php(355): CodeIgniter\CodeIgniter->handleRequest(null, Object(Config\Cache), false)
 9 SYSTEMPATH\Boot.php(325): CodeIgniter\CodeIgniter->run()
10 SYSTEMPATH\Boot.php(67): CodeIgniter\Boot::runCodeIgniter(Object(CodeIgniter\CodeIgniter))
11 FCPATH\index.php(56): CodeIgniter\Boot::bootWeb(Object(Config\Paths))
12 SYSTEMPATH\rewrite.php(44): require_once('C:\\Gabriel_Main\\Gabriel_Project\\Gabriel_Project_Pribadi\\PHP\\laciasmara\\public\\index.php')
CRITICAL - 2024-08-28 11:15:43 --> ErrorException: Undefined variable $users
[Method: GET, Route: /]
in APPPATH\Views\user\index.php on line 23.
 1 APPPATH\Views\user\index.php(23): CodeIgniter\Debug\Exceptions->errorHandler(2, 'Undefined variable $users', 'C:\\Gabriel_Main\\Gabriel_Project\\Gabriel_Project_Pribadi\\PHP\\laciasmara\\app\\Views\\user\\index.php', 23)
 2 SYSTEMPATH\View\View.php(234): include('C:\\Gabriel_Main\\Gabriel_Project\\Gabriel_Project_Pribadi\\PHP\\laciasmara\\app\\Views\\user\\index.php')
 3 SYSTEMPATH\View\View.php(237): CodeIgniter\View\View->CodeIgniter\View\{closure}()
 4 SYSTEMPATH\Common.php(1169): CodeIgniter\View\View->render('user/index', [], true)
 5 APPPATH\Controllers\UserController.php(12): view('user/index')
 6 SYSTEMPATH\CodeIgniter.php(933): App\Controllers\UserController->index()
 7 SYSTEMPATH\CodeIgniter.php(509): CodeIgniter\CodeIgniter->runController(Object(App\Controllers\UserController))
 8 SYSTEMPATH\CodeIgniter.php(355): CodeIgniter\CodeIgniter->handleRequest(null, Object(Config\Cache), false)
 9 SYSTEMPATH\Boot.php(325): CodeIgniter\CodeIgniter->run()
10 SYSTEMPATH\Boot.php(67): CodeIgniter\Boot::runCodeIgniter(Object(CodeIgniter\CodeIgniter))
11 FCPATH\index.php(56): CodeIgniter\Boot::bootWeb(Object(Config\Paths))
12 SYSTEMPATH\rewrite.php(44): require_once('C:\\Gabriel_Main\\Gabriel_Project\\Gabriel_Project_Pribadi\\PHP\\laciasmara\\public\\index.php')
CRITICAL - 2024-08-28 11:15:43 --> ErrorException: Undefined variable $users
[Method: GET, Route: /]
in APPPATH\Views\user\index.php on line 23.
 1 APPPATH\Views\user\index.php(23): CodeIgniter\Debug\Exceptions->errorHandler(2, 'Undefined variable $users', 'C:\\Gabriel_Main\\Gabriel_Project\\Gabriel_Project_Pribadi\\PHP\\laciasmara\\app\\Views\\user\\index.php', 23)
 2 SYSTEMPATH\View\View.php(234): include('C:\\Gabriel_Main\\Gabriel_Project\\Gabriel_Project_Pribadi\\PHP\\laciasmara\\app\\Views\\user\\index.php')
 3 SYSTEMPATH\View\View.php(237): CodeIgniter\View\View->CodeIgniter\View\{closure}()
 4 SYSTEMPATH\Common.php(1169): CodeIgniter\View\View->render('user/index', [], true)
 5 APPPATH\Controllers\UserController.php(12): view('user/index')
 6 SYSTEMPATH\CodeIgniter.php(933): App\Controllers\UserController->index()
 7 SYSTEMPATH\CodeIgniter.php(509): CodeIgniter\CodeIgniter->runController(Object(App\Controllers\UserController))
 8 SYSTEMPATH\CodeIgniter.php(355): CodeIgniter\CodeIgniter->handleRequest(null, Object(Config\Cache), false)
 9 SYSTEMPATH\Boot.php(325): CodeIgniter\CodeIgniter->run()
10 SYSTEMPATH\Boot.php(67): CodeIgniter\Boot::runCodeIgniter(Object(CodeIgniter\CodeIgniter))
11 FCPATH\index.php(56): CodeIgniter\Boot::bootWeb(Object(Config\Paths))
12 SYSTEMPATH\rewrite.php(44): require_once('C:\\Gabriel_Main\\Gabriel_Project\\Gabriel_Project_Pribadi\\PHP\\laciasmara\\public\\index.php')
CRITICAL - 2024-08-28 11:15:43 --> ErrorException: Undefined variable $users
[Method: GET, Route: /]
in APPPATH\Views\user\index.php on line 23.
 1 APPPATH\Views\user\index.php(23): CodeIgniter\Debug\Exceptions->errorHandler(2, 'Undefined variable $users', 'C:\\Gabriel_Main\\Gabriel_Project\\Gabriel_Project_Pribadi\\PHP\\laciasmara\\app\\Views\\user\\index.php', 23)
 2 SYSTEMPATH\View\View.php(234): include('C:\\Gabriel_Main\\Gabriel_Project\\Gabriel_Project_Pribadi\\PHP\\laciasmara\\app\\Views\\user\\index.php')
 3 SYSTEMPATH\View\View.php(237): CodeIgniter\View\View->CodeIgniter\View\{closure}()
 4 SYSTEMPATH\Common.php(1169): CodeIgniter\View\View->render('user/index', [], true)
 5 APPPATH\Controllers\UserController.php(12): view('user/index')
 6 SYSTEMPATH\CodeIgniter.php(933): App\Controllers\UserController->index()
 7 SYSTEMPATH\CodeIgniter.php(509): CodeIgniter\CodeIgniter->runController(Object(App\Controllers\UserController))
 8 SYSTEMPATH\CodeIgniter.php(355): CodeIgniter\CodeIgniter->handleRequest(null, Object(Config\Cache), false)
 9 SYSTEMPATH\Boot.php(325): CodeIgniter\CodeIgniter->run()
10 SYSTEMPATH\Boot.php(67): CodeIgniter\Boot::runCodeIgniter(Object(CodeIgniter\CodeIgniter))
11 FCPATH\index.php(56): CodeIgniter\Boot::bootWeb(Object(Config\Paths))
12 SYSTEMPATH\rewrite.php(44): require_once('C:\\Gabriel_Main\\Gabriel_Project\\Gabriel_Project_Pribadi\\PHP\\laciasmara\\public\\index.php')
CRITICAL - 2024-08-28 11:16:00 --> ErrorException: Undefined variable $users
[Method: GET, Route: /]
in APPPATH\Views\user\index.php on line 23.
 1 APPPATH\Views\user\index.php(23): CodeIgniter\Debug\Exceptions->errorHandler(2, 'Undefined variable $users', 'C:\\Gabriel_Main\\Gabriel_Project\\Gabriel_Project_Pribadi\\PHP\\laciasmara\\app\\Views\\user\\index.php', 23)
 2 SYSTEMPATH\View\View.php(234): include('C:\\Gabriel_Main\\Gabriel_Project\\Gabriel_Project_Pribadi\\PHP\\laciasmara\\app\\Views\\user\\index.php')
 3 SYSTEMPATH\View\View.php(237): CodeIgniter\View\View->CodeIgniter\View\{closure}()
 4 SYSTEMPATH\Common.php(1169): CodeIgniter\View\View->render('user/index', [], true)
 5 APPPATH\Controllers\UserController.php(12): view('user/index')
 6 SYSTEMPATH\CodeIgniter.php(933): App\Controllers\UserController->index()
 7 SYSTEMPATH\CodeIgniter.php(509): CodeIgniter\CodeIgniter->runController(Object(App\Controllers\UserController))
 8 SYSTEMPATH\CodeIgniter.php(355): CodeIgniter\CodeIgniter->handleRequest(null, Object(Config\Cache), false)
 9 SYSTEMPATH\Boot.php(325): CodeIgniter\CodeIgniter->run()
10 SYSTEMPATH\Boot.php(67): CodeIgniter\Boot::runCodeIgniter(Object(CodeIgniter\CodeIgniter))
11 FCPATH\index.php(56): CodeIgniter\Boot::bootWeb(Object(Config\Paths))
12 SYSTEMPATH\rewrite.php(44): require_once('C:\\Gabriel_Main\\Gabriel_Project\\Gabriel_Project_Pribadi\\PHP\\laciasmara\\public\\index.php')
ERROR - 2024-08-28 11:16:52 --> Error connecting to the database: mysqli_sql_exception: Access denied for user ''@'localhost' (using password: NO) in C:\Gabriel_Main\Gabriel_Project\Gabriel_Project_Pribadi\PHP\laciasmara\system\Database\MySQLi\Connection.php:186
Stack trace:
#0 C:\Gabriel_Main\Gabriel_Project\Gabriel_Project_Pribadi\PHP\laciasmara\system\Database\MySQLi\Connection.php(186): mysqli->real_connect('localhost', '', Object(SensitiveParameterValue), '', 3306, '', 0)
#1 C:\Gabriel_Main\Gabriel_Project\Gabriel_Project_Pribadi\PHP\laciasmara\system\Database\BaseConnection.php(421): CodeIgniter\Database\MySQLi\Connection->connect(false)
#2 C:\Gabriel_Main\Gabriel_Project\Gabriel_Project_Pribadi\PHP\laciasmara\system\Database\BaseConnection.php(616): CodeIgniter\Database\BaseConnection->initialize()
#3 C:\Gabriel_Main\Gabriel_Project\Gabriel_Project_Pribadi\PHP\laciasmara\system\Database\BaseBuilder.php(1728): CodeIgniter\Database\BaseConnection->query('SELECT COUNT(*)...', Array, false)
#4 C:\Gabriel_Main\Gabriel_Project\Gabriel_Project_Pribadi\PHP\laciasmara\system\Model.php(678): CodeIgniter\Database\BaseBuilder->countAllResults(false)
#5 C:\Gabriel_Main\Gabriel_Project\Gabriel_Project_Pribadi\PHP\laciasmara\system\BaseModel.php(1284): CodeIgniter\Model->countAllResults(false)
#6 C:\Gabriel_Main\Gabriel_Project\Gabriel_Project_Pribadi\PHP\laciasmara\app\Controllers\UserController.php(14): CodeIgniter\BaseModel->paginate(10)
#7 C:\Gabriel_Main\Gabriel_Project\Gabriel_Project_Pribadi\PHP\laciasmara\system\CodeIgniter.php(933): App\Controllers\UserController->index()
#8 C:\Gabriel_Main\Gabriel_Project\Gabriel_Project_Pribadi\PHP\laciasmara\system\CodeIgniter.php(509): CodeIgniter\CodeIgniter->runController(Object(App\Controllers\UserController))
#9 C:\Gabriel_Main\Gabriel_Project\Gabriel_Project_Pribadi\PHP\laciasmara\system\CodeIgniter.php(355): CodeIgniter\CodeIgniter->handleRequest(NULL, Object(Config\Cache), false)
#10 C:\Gabriel_Main\Gabriel_Project\Gabriel_Project_Pribadi\PHP\laciasmara\system\Boot.php(325): CodeIgniter\CodeIgniter->run()
#11 C:\Gabriel_Main\Gabriel_Project\Gabriel_Project_Pribadi\PHP\laciasmara\system\Boot.php(67): CodeIgniter\Boot::runCodeIgniter(Object(CodeIgniter\CodeIgniter))
#12 C:\Gabriel_Main\Gabriel_Project\Gabriel_Project_Pribadi\PHP\laciasmara\public\index.php(56): CodeIgniter\Boot::bootWeb(Object(Config\Paths))
#13 C:\Gabriel_Main\Gabriel_Project\Gabriel_Project_Pribadi\PHP\laciasmara\system\rewrite.php(44): require_once('C:\\Gabriel_Main...')
#14 {main}

Next CodeIgniter\Database\Exceptions\DatabaseException: Access denied for user ''@'localhost' (using password: NO) in C:\Gabriel_Main\Gabriel_Project\Gabriel_Project_Pribadi\PHP\laciasmara\system\Database\MySQLi\Connection.php:231
Stack trace:
#0 C:\Gabriel_Main\Gabriel_Project\Gabriel_Project_Pribadi\PHP\laciasmara\system\Database\BaseConnection.php(421): CodeIgniter\Database\MySQLi\Connection->connect(false)
#1 C:\Gabriel_Main\Gabriel_Project\Gabriel_Project_Pribadi\PHP\laciasmara\system\Database\BaseConnection.php(616): CodeIgniter\Database\BaseConnection->initialize()
#2 C:\Gabriel_Main\Gabriel_Project\Gabriel_Project_Pribadi\PHP\laciasmara\system\Database\BaseBuilder.php(1728): CodeIgniter\Database\BaseConnection->query('SELECT COUNT(*)...', Array, false)
#3 C:\Gabriel_Main\Gabriel_Project\Gabriel_Project_Pribadi\PHP\laciasmara\system\Model.php(678): CodeIgniter\Database\BaseBuilder->countAllResults(false)
#4 C:\Gabriel_Main\Gabriel_Project\Gabriel_Project_Pribadi\PHP\laciasmara\system\BaseModel.php(1284): CodeIgniter\Model->countAllResults(false)
#5 C:\Gabriel_Main\Gabriel_Project\Gabriel_Project_Pribadi\PHP\laciasmara\app\Controllers\UserController.php(14): CodeIgniter\BaseModel->paginate(10)
#6 C:\Gabriel_Main\Gabriel_Project\Gabriel_Project_Pribadi\PHP\laciasmara\system\CodeIgniter.php(933): App\Controllers\UserController->index()
#7 C:\Gabriel_Main\Gabriel_Project\Gabriel_Project_Pribadi\PHP\laciasmara\system\CodeIgniter.php(509): CodeIgniter\CodeIgniter->runController(Object(App\Controllers\UserController))
#8 C:\Gabriel_Main\Gabriel_Project\Gabriel_Project_Pribadi\PHP\laciasmara\system\CodeIgniter.php(355): CodeIgniter\CodeIgniter->handleRequest(NULL, Object(Config\Cache), false)
#9 C:\Gabriel_Main\Gabriel_Project\Gabriel_Project_Pribadi\PHP\laciasmara\system\Boot.php(325): CodeIgniter\CodeIgniter->run()
#10 C:\Gabriel_Main\Gabriel_Project\Gabriel_Project_Pribadi\PHP\laciasmara\system\Boot.php(67): CodeIgniter\Boot::runCodeIgniter(Object(CodeIgniter\CodeIgniter))
#11 C:\Gabriel_Main\Gabriel_Project\Gabriel_Project_Pribadi\PHP\laciasmara\public\index.php(56): CodeIgniter\Boot::bootWeb(Object(Config\Paths))
#12 C:\Gabriel_Main\Gabriel_Project\Gabriel_Project_Pribadi\PHP\laciasmara\system\rewrite.php(44): require_once('C:\\Gabriel_Main...')
#13 {main}
CRITICAL - 2024-08-28 11:16:52 --> CodeIgniter\Database\Exceptions\DatabaseException: Unable to connect to the database.
Main connection [MySQLi]: Access denied for user ''@'localhost' (using password: NO)
[Method: GET, Route: /]
in SYSTEMPATH\Database\BaseConnection.php on line 467.
 1 SYSTEMPATH\Database\BaseConnection.php(616): CodeIgniter\Database\BaseConnection->initialize()
 2 SYSTEMPATH\Database\BaseBuilder.php(1728): CodeIgniter\Database\BaseConnection->query('SELECT COUNT(*) AS `numrows`
FROM `users`
WHERE `users`.`deleted_at` IS NULL', [], false)
 3 SYSTEMPATH\Model.php(678): CodeIgniter\Database\BaseBuilder->countAllResults(false)
 4 SYSTEMPATH\BaseModel.php(1284): CodeIgniter\Model->countAllResults(false)
 5 APPPATH\Controllers\UserController.php(14): CodeIgniter\BaseModel->paginate(10)
 6 SYSTEMPATH\CodeIgniter.php(933): App\Controllers\UserController->index()
 7 SYSTEMPATH\CodeIgniter.php(509): CodeIgniter\CodeIgniter->runController(Object(App\Controllers\UserController))
 8 SYSTEMPATH\CodeIgniter.php(355): CodeIgniter\CodeIgniter->handleRequest(null, Object(Config\Cache), false)
 9 SYSTEMPATH\Boot.php(325): CodeIgniter\CodeIgniter->run()
10 SYSTEMPATH\Boot.php(67): CodeIgniter\Boot::runCodeIgniter(Object(CodeIgniter\CodeIgniter))
11 FCPATH\index.php(56): CodeIgniter\Boot::bootWeb(Object(Config\Paths))
12 SYSTEMPATH\rewrite.php(44): require_once('C:\\Gabriel_Main\\Gabriel_Project\\Gabriel_Project_Pribadi\\PHP\\laciasmara\\public\\index.php')
ERROR - 2024-08-28 11:18:47 --> mysqli_sql_exception: No database selected in C:\Gabriel_Main\Gabriel_Project\Gabriel_Project_Pribadi\PHP\laciasmara\system\Database\MySQLi\Connection.php:312
Stack trace:
#0 C:\Gabriel_Main\Gabriel_Project\Gabriel_Project_Pribadi\PHP\laciasmara\system\Database\MySQLi\Connection.php(312): mysqli->query('SELECT COUNT(*)...', 0)
#1 C:\Gabriel_Main\Gabriel_Project\Gabriel_Project_Pribadi\PHP\laciasmara\system\Database\BaseConnection.php(734): CodeIgniter\Database\MySQLi\Connection->execute('SELECT COUNT(*)...')
#2 C:\Gabriel_Main\Gabriel_Project\Gabriel_Project_Pribadi\PHP\laciasmara\system\Database\BaseConnection.php(648): CodeIgniter\Database\BaseConnection->simpleQuery('SELECT COUNT(*)...')
#3 C:\Gabriel_Main\Gabriel_Project\Gabriel_Project_Pribadi\PHP\laciasmara\system\Database\BaseBuilder.php(1728): CodeIgniter\Database\BaseConnection->query('SELECT COUNT(*)...', Array, false)
#4 C:\Gabriel_Main\Gabriel_Project\Gabriel_Project_Pribadi\PHP\laciasmara\system\Model.php(678): CodeIgniter\Database\BaseBuilder->countAllResults(false)
#5 C:\Gabriel_Main\Gabriel_Project\Gabriel_Project_Pribadi\PHP\laciasmara\system\BaseModel.php(1284): CodeIgniter\Model->countAllResults(false)
#6 C:\Gabriel_Main\Gabriel_Project\Gabriel_Project_Pribadi\PHP\laciasmara\app\Controllers\UserController.php(14): CodeIgniter\BaseModel->paginate(10)
#7 C:\Gabriel_Main\Gabriel_Project\Gabriel_Project_Pribadi\PHP\laciasmara\system\CodeIgniter.php(933): App\Controllers\UserController->index()
#8 C:\Gabriel_Main\Gabriel_Project\Gabriel_Project_Pribadi\PHP\laciasmara\system\CodeIgniter.php(509): CodeIgniter\CodeIgniter->runController(Object(App\Controllers\UserController))
#9 C:\Gabriel_Main\Gabriel_Project\Gabriel_Project_Pribadi\PHP\laciasmara\system\CodeIgniter.php(355): CodeIgniter\CodeIgniter->handleRequest(NULL, Object(Config\Cache), false)
#10 C:\Gabriel_Main\Gabriel_Project\Gabriel_Project_Pribadi\PHP\laciasmara\system\Boot.php(325): CodeIgniter\CodeIgniter->run()
#11 C:\Gabriel_Main\Gabriel_Project\Gabriel_Project_Pribadi\PHP\laciasmara\system\Boot.php(67): CodeIgniter\Boot::runCodeIgniter(Object(CodeIgniter\CodeIgniter))
#12 C:\Gabriel_Main\Gabriel_Project\Gabriel_Project_Pribadi\PHP\laciasmara\public\index.php(56): CodeIgniter\Boot::bootWeb(Object(Config\Paths))
#13 C:\Gabriel_Main\Gabriel_Project\Gabriel_Project_Pribadi\PHP\laciasmara\system\rewrite.php(44): require_once('C:\\Gabriel_Main...')
#14 {main}
CRITICAL - 2024-08-28 11:18:47 --> CodeIgniter\Database\Exceptions\DatabaseException: No database selected
[Method: GET, Route: /]
in SYSTEMPATH\Database\BaseConnection.php on line 688.
 1 SYSTEMPATH\Database\BaseBuilder.php(1728): CodeIgniter\Database\BaseConnection->query('SELECT COUNT(*) AS `numrows`
FROM `users`
WHERE `users`.`deleted_at` IS NULL', [], false)
 2 SYSTEMPATH\Model.php(678): CodeIgniter\Database\BaseBuilder->countAllResults(false)
 3 SYSTEMPATH\BaseModel.php(1284): CodeIgniter\Model->countAllResults(false)
 4 APPPATH\Controllers\UserController.php(14): CodeIgniter\BaseModel->paginate(10)
 5 SYSTEMPATH\CodeIgniter.php(933): App\Controllers\UserController->index()
 6 SYSTEMPATH\CodeIgniter.php(509): CodeIgniter\CodeIgniter->runController(Object(App\Controllers\UserController))
 7 SYSTEMPATH\CodeIgniter.php(355): CodeIgniter\CodeIgniter->handleRequest(null, Object(Config\Cache), false)
 8 SYSTEMPATH\Boot.php(325): CodeIgniter\CodeIgniter->run()
 9 SYSTEMPATH\Boot.php(67): CodeIgniter\Boot::runCodeIgniter(Object(CodeIgniter\CodeIgniter))
10 FCPATH\index.php(56): CodeIgniter\Boot::bootWeb(Object(Config\Paths))
11 SYSTEMPATH\rewrite.php(44): require_once('C:\\Gabriel_Main\\Gabriel_Project\\Gabriel_Project_Pribadi\\PHP\\laciasmara\\public\\index.php')
CRITICAL - 2024-08-28 11:18:47 --> [Caused by] CodeIgniter\Database\Exceptions\DatabaseException: No database selected
in SYSTEMPATH\Database\MySQLi\Connection.php on line 317.
 1 SYSTEMPATH\Database\BaseConnection.php(734): CodeIgniter\Database\MySQLi\Connection->execute('SELECT COUNT(*) AS `numrows`
FROM `users`
WHERE `users`.`deleted_at` IS NULL')
 2 SYSTEMPATH\Database\BaseConnection.php(648): CodeIgniter\Database\BaseConnection->simpleQuery('SELECT COUNT(*) AS `numrows`
FROM `users`
WHERE `users`.`deleted_at` IS NULL')
 3 SYSTEMPATH\Database\BaseBuilder.php(1728): CodeIgniter\Database\BaseConnection->query('SELECT COUNT(*) AS `numrows`
FROM `users`
WHERE `users`.`deleted_at` IS NULL', [], false)
 4 SYSTEMPATH\Model.php(678): CodeIgniter\Database\BaseBuilder->countAllResults(false)
 5 SYSTEMPATH\BaseModel.php(1284): CodeIgniter\Model->countAllResults(false)
 6 APPPATH\Controllers\UserController.php(14): CodeIgniter\BaseModel->paginate(10)
 7 SYSTEMPATH\CodeIgniter.php(933): App\Controllers\UserController->index()
 8 SYSTEMPATH\CodeIgniter.php(509): CodeIgniter\CodeIgniter->runController(Object(App\Controllers\UserController))
 9 SYSTEMPATH\CodeIgniter.php(355): CodeIgniter\CodeIgniter->handleRequest(null, Object(Config\Cache), false)
10 SYSTEMPATH\Boot.php(325): CodeIgniter\CodeIgniter->run()
11 SYSTEMPATH\Boot.php(67): CodeIgniter\Boot::runCodeIgniter(Object(CodeIgniter\CodeIgniter))
12 FCPATH\index.php(56): CodeIgniter\Boot::bootWeb(Object(Config\Paths))
13 SYSTEMPATH\rewrite.php(44): require_once('C:\\Gabriel_Main\\Gabriel_Project\\Gabriel_Project_Pribadi\\PHP\\laciasmara\\public\\index.php')
CRITICAL - 2024-08-28 11:18:47 --> [Caused by] mysqli_sql_exception: No database selected
in SYSTEMPATH\Database\MySQLi\Connection.php on line 312.
 1 SYSTEMPATH\Database\MySQLi\Connection.php(312): mysqli->query('SELECT COUNT(*) AS `numrows`
FROM `users`
WHERE `users`.`deleted_at` IS NULL', 0)
 2 SYSTEMPATH\Database\BaseConnection.php(734): CodeIgniter\Database\MySQLi\Connection->execute('SELECT COUNT(*) AS `numrows`
FROM `users`
WHERE `users`.`deleted_at` IS NULL')
 3 SYSTEMPATH\Database\BaseConnection.php(648): CodeIgniter\Database\BaseConnection->simpleQuery('SELECT COUNT(*) AS `numrows`
FROM `users`
WHERE `users`.`deleted_at` IS NULL')
 4 SYSTEMPATH\Database\BaseBuilder.php(1728): CodeIgniter\Database\BaseConnection->query('SELECT COUNT(*) AS `numrows`
FROM `users`
WHERE `users`.`deleted_at` IS NULL', [], false)
 5 SYSTEMPATH\Model.php(678): CodeIgniter\Database\BaseBuilder->countAllResults(false)
 6 SYSTEMPATH\BaseModel.php(1284): CodeIgniter\Model->countAllResults(false)
 7 APPPATH\Controllers\UserController.php(14): CodeIgniter\BaseModel->paginate(10)
 8 SYSTEMPATH\CodeIgniter.php(933): App\Controllers\UserController->index()
 9 SYSTEMPATH\CodeIgniter.php(509): CodeIgniter\CodeIgniter->runController(Object(App\Controllers\UserController))
10 SYSTEMPATH\CodeIgniter.php(355): CodeIgniter\CodeIgniter->handleRequest(null, Object(Config\Cache), false)
11 SYSTEMPATH\Boot.php(325): CodeIgniter\CodeIgniter->run()
12 SYSTEMPATH\Boot.php(67): CodeIgniter\Boot::runCodeIgniter(Object(CodeIgniter\CodeIgniter))
13 FCPATH\index.php(56): CodeIgniter\Boot::bootWeb(Object(Config\Paths))
14 SYSTEMPATH\rewrite.php(44): require_once('C:\\Gabriel_Main\\Gabriel_Project\\Gabriel_Project_Pribadi\\PHP\\laciasmara\\public\\index.php')
ERROR - 2024-08-28 11:19:15 --> mysqli_sql_exception: Unknown column 'users.deleted_at' in 'where clause' in C:\Gabriel_Main\Gabriel_Project\Gabriel_Project_Pribadi\PHP\laciasmara\system\Database\MySQLi\Connection.php:312
Stack trace:
#0 C:\Gabriel_Main\Gabriel_Project\Gabriel_Project_Pribadi\PHP\laciasmara\system\Database\MySQLi\Connection.php(312): mysqli->query('SELECT COUNT(*)...', 0)
#1 C:\Gabriel_Main\Gabriel_Project\Gabriel_Project_Pribadi\PHP\laciasmara\system\Database\BaseConnection.php(734): CodeIgniter\Database\MySQLi\Connection->execute('SELECT COUNT(*)...')
#2 C:\Gabriel_Main\Gabriel_Project\Gabriel_Project_Pribadi\PHP\laciasmara\system\Database\BaseConnection.php(648): CodeIgniter\Database\BaseConnection->simpleQuery('SELECT COUNT(*)...')
#3 C:\Gabriel_Main\Gabriel_Project\Gabriel_Project_Pribadi\PHP\laciasmara\system\Database\BaseBuilder.php(1728): CodeIgniter\Database\BaseConnection->query('SELECT COUNT(*)...', Array, false)
#4 C:\Gabriel_Main\Gabriel_Project\Gabriel_Project_Pribadi\PHP\laciasmara\system\Model.php(678): CodeIgniter\Database\BaseBuilder->countAllResults(false)
#5 C:\Gabriel_Main\Gabriel_Project\Gabriel_Project_Pribadi\PHP\laciasmara\system\BaseModel.php(1284): CodeIgniter\Model->countAllResults(false)
#6 C:\Gabriel_Main\Gabriel_Project\Gabriel_Project_Pribadi\PHP\laciasmara\app\Controllers\UserController.php(14): CodeIgniter\BaseModel->paginate(10)
#7 C:\Gabriel_Main\Gabriel_Project\Gabriel_Project_Pribadi\PHP\laciasmara\system\CodeIgniter.php(933): App\Controllers\UserController->index()
#8 C:\Gabriel_Main\Gabriel_Project\Gabriel_Project_Pribadi\PHP\laciasmara\system\CodeIgniter.php(509): CodeIgniter\CodeIgniter->runController(Object(App\Controllers\UserController))
#9 C:\Gabriel_Main\Gabriel_Project\Gabriel_Project_Pribadi\PHP\laciasmara\system\CodeIgniter.php(355): CodeIgniter\CodeIgniter->handleRequest(NULL, Object(Config\Cache), false)
#10 C:\Gabriel_Main\Gabriel_Project\Gabriel_Project_Pribadi\PHP\laciasmara\system\Boot.php(325): CodeIgniter\CodeIgniter->run()
#11 C:\Gabriel_Main\Gabriel_Project\Gabriel_Project_Pribadi\PHP\laciasmara\system\Boot.php(67): CodeIgniter\Boot::runCodeIgniter(Object(CodeIgniter\CodeIgniter))
#12 C:\Gabriel_Main\Gabriel_Project\Gabriel_Project_Pribadi\PHP\laciasmara\public\index.php(56): CodeIgniter\Boot::bootWeb(Object(Config\Paths))
#13 C:\Gabriel_Main\Gabriel_Project\Gabriel_Project_Pribadi\PHP\laciasmara\system\rewrite.php(44): require_once('C:\\Gabriel_Main...')
#14 {main}
CRITICAL - 2024-08-28 11:19:15 --> CodeIgniter\Database\Exceptions\DatabaseException: Unknown column 'users.deleted_at' in 'where clause'
[Method: GET, Route: /]
in SYSTEMPATH\Database\BaseConnection.php on line 688.
 1 SYSTEMPATH\Database\BaseBuilder.php(1728): CodeIgniter\Database\BaseConnection->query('SELECT COUNT(*) AS `numrows`
FROM `users`
WHERE `users`.`deleted_at` IS NULL', [], false)
 2 SYSTEMPATH\Model.php(678): CodeIgniter\Database\BaseBuilder->countAllResults(false)
 3 SYSTEMPATH\BaseModel.php(1284): CodeIgniter\Model->countAllResults(false)
 4 APPPATH\Controllers\UserController.php(14): CodeIgniter\BaseModel->paginate(10)
 5 SYSTEMPATH\CodeIgniter.php(933): App\Controllers\UserController->index()
 6 SYSTEMPATH\CodeIgniter.php(509): CodeIgniter\CodeIgniter->runController(Object(App\Controllers\UserController))
 7 SYSTEMPATH\CodeIgniter.php(355): CodeIgniter\CodeIgniter->handleRequest(null, Object(Config\Cache), false)
 8 SYSTEMPATH\Boot.php(325): CodeIgniter\CodeIgniter->run()
 9 SYSTEMPATH\Boot.php(67): CodeIgniter\Boot::runCodeIgniter(Object(CodeIgniter\CodeIgniter))
10 FCPATH\index.php(56): CodeIgniter\Boot::bootWeb(Object(Config\Paths))
11 SYSTEMPATH\rewrite.php(44): require_once('C:\\Gabriel_Main\\Gabriel_Project\\Gabriel_Project_Pribadi\\PHP\\laciasmara\\public\\index.php')
CRITICAL - 2024-08-28 11:19:15 --> [Caused by] CodeIgniter\Database\Exceptions\DatabaseException: Unknown column 'users.deleted_at' in 'where clause'
in SYSTEMPATH\Database\MySQLi\Connection.php on line 317.
 1 SYSTEMPATH\Database\BaseConnection.php(734): CodeIgniter\Database\MySQLi\Connection->execute('SELECT COUNT(*) AS `numrows`
FROM `users`
WHERE `users`.`deleted_at` IS NULL')
 2 SYSTEMPATH\Database\BaseConnection.php(648): CodeIgniter\Database\BaseConnection->simpleQuery('SELECT COUNT(*) AS `numrows`
FROM `users`
WHERE `users`.`deleted_at` IS NULL')
 3 SYSTEMPATH\Database\BaseBuilder.php(1728): CodeIgniter\Database\BaseConnection->query('SELECT COUNT(*) AS `numrows`
FROM `users`
WHERE `users`.`deleted_at` IS NULL', [], false)
 4 SYSTEMPATH\Model.php(678): CodeIgniter\Database\BaseBuilder->countAllResults(false)
 5 SYSTEMPATH\BaseModel.php(1284): CodeIgniter\Model->countAllResults(false)
 6 APPPATH\Controllers\UserController.php(14): CodeIgniter\BaseModel->paginate(10)
 7 SYSTEMPATH\CodeIgniter.php(933): App\Controllers\UserController->index()
 8 SYSTEMPATH\CodeIgniter.php(509): CodeIgniter\CodeIgniter->runController(Object(App\Controllers\UserController))
 9 SYSTEMPATH\CodeIgniter.php(355): CodeIgniter\CodeIgniter->handleRequest(null, Object(Config\Cache), false)
10 SYSTEMPATH\Boot.php(325): CodeIgniter\CodeIgniter->run()
11 SYSTEMPATH\Boot.php(67): CodeIgniter\Boot::runCodeIgniter(Object(CodeIgniter\CodeIgniter))
12 FCPATH\index.php(56): CodeIgniter\Boot::bootWeb(Object(Config\Paths))
13 SYSTEMPATH\rewrite.php(44): require_once('C:\\Gabriel_Main\\Gabriel_Project\\Gabriel_Project_Pribadi\\PHP\\laciasmara\\public\\index.php')
CRITICAL - 2024-08-28 11:19:15 --> [Caused by] mysqli_sql_exception: Unknown column 'users.deleted_at' in 'where clause'
in SYSTEMPATH\Database\MySQLi\Connection.php on line 312.
 1 SYSTEMPATH\Database\MySQLi\Connection.php(312): mysqli->query('SELECT COUNT(*) AS `numrows`
FROM `users`
WHERE `users`.`deleted_at` IS NULL', 0)
 2 SYSTEMPATH\Database\BaseConnection.php(734): CodeIgniter\Database\MySQLi\Connection->execute('SELECT COUNT(*) AS `numrows`
FROM `users`
WHERE `users`.`deleted_at` IS NULL')
 3 SYSTEMPATH\Database\BaseConnection.php(648): CodeIgniter\Database\BaseConnection->simpleQuery('SELECT COUNT(*) AS `numrows`
FROM `users`
WHERE `users`.`deleted_at` IS NULL')
 4 SYSTEMPATH\Database\BaseBuilder.php(1728): CodeIgniter\Database\BaseConnection->query('SELECT COUNT(*) AS `numrows`
FROM `users`
WHERE `users`.`deleted_at` IS NULL', [], false)
 5 SYSTEMPATH\Model.php(678): CodeIgniter\Database\BaseBuilder->countAllResults(false)
 6 SYSTEMPATH\BaseModel.php(1284): CodeIgniter\Model->countAllResults(false)
 7 APPPATH\Controllers\UserController.php(14): CodeIgniter\BaseModel->paginate(10)
 8 SYSTEMPATH\CodeIgniter.php(933): App\Controllers\UserController->index()
 9 SYSTEMPATH\CodeIgniter.php(509): CodeIgniter\CodeIgniter->runController(Object(App\Controllers\UserController))
10 SYSTEMPATH\CodeIgniter.php(355): CodeIgniter\CodeIgniter->handleRequest(null, Object(Config\Cache), false)
11 SYSTEMPATH\Boot.php(325): CodeIgniter\CodeIgniter->run()
12 SYSTEMPATH\Boot.php(67): CodeIgniter\Boot::runCodeIgniter(Object(CodeIgniter\CodeIgniter))
13 FCPATH\index.php(56): CodeIgniter\Boot::bootWeb(Object(Config\Paths))
14 SYSTEMPATH\rewrite.php(44): require_once('C:\\Gabriel_Main\\Gabriel_Project\\Gabriel_Project_Pribadi\\PHP\\laciasmara\\public\\index.php')
ERROR - 2024-08-28 11:22:04 --> mysqli_sql_exception: Unknown column 'users.deleted_at' in 'where clause' in C:\Gabriel_Main\Gabriel_Project\Gabriel_Project_Pribadi\PHP\laciasmara\system\Database\MySQLi\Connection.php:312
Stack trace:
#0 C:\Gabriel_Main\Gabriel_Project\Gabriel_Project_Pribadi\PHP\laciasmara\system\Database\MySQLi\Connection.php(312): mysqli->query('SELECT COUNT(*)...', 0)
#1 C:\Gabriel_Main\Gabriel_Project\Gabriel_Project_Pribadi\PHP\laciasmara\system\Database\BaseConnection.php(734): CodeIgniter\Database\MySQLi\Connection->execute('SELECT COUNT(*)...')
#2 C:\Gabriel_Main\Gabriel_Project\Gabriel_Project_Pribadi\PHP\laciasmara\system\Database\BaseConnection.php(648): CodeIgniter\Database\BaseConnection->simpleQuery('SELECT COUNT(*)...')
#3 C:\Gabriel_Main\Gabriel_Project\Gabriel_Project_Pribadi\PHP\laciasmara\system\Database\BaseBuilder.php(1728): CodeIgniter\Database\BaseConnection->query('SELECT COUNT(*)...', Array, false)
#4 C:\Gabriel_Main\Gabriel_Project\Gabriel_Project_Pribadi\PHP\laciasmara\system\Model.php(678): CodeIgniter\Database\BaseBuilder->countAllResults(false)
#5 C:\Gabriel_Main\Gabriel_Project\Gabriel_Project_Pribadi\PHP\laciasmara\system\BaseModel.php(1284): CodeIgniter\Model->countAllResults(false)
#6 C:\Gabriel_Main\Gabriel_Project\Gabriel_Project_Pribadi\PHP\laciasmara\app\Controllers\UserController.php(14): CodeIgniter\BaseModel->paginate(10)
#7 C:\Gabriel_Main\Gabriel_Project\Gabriel_Project_Pribadi\PHP\laciasmara\system\CodeIgniter.php(933): App\Controllers\UserController->index()
#8 C:\Gabriel_Main\Gabriel_Project\Gabriel_Project_Pribadi\PHP\laciasmara\system\CodeIgniter.php(509): CodeIgniter\CodeIgniter->runController(Object(App\Controllers\UserController))
#9 C:\Gabriel_Main\Gabriel_Project\Gabriel_Project_Pribadi\PHP\laciasmara\system\CodeIgniter.php(355): CodeIgniter\CodeIgniter->handleRequest(NULL, Object(Config\Cache), false)
#10 C:\Gabriel_Main\Gabriel_Project\Gabriel_Project_Pribadi\PHP\laciasmara\system\Boot.php(325): CodeIgniter\CodeIgniter->run()
#11 C:\Gabriel_Main\Gabriel_Project\Gabriel_Project_Pribadi\PHP\laciasmara\system\Boot.php(67): CodeIgniter\Boot::runCodeIgniter(Object(CodeIgniter\CodeIgniter))
#12 C:\Gabriel_Main\Gabriel_Project\Gabriel_Project_Pribadi\PHP\laciasmara\public\index.php(56): CodeIgniter\Boot::bootWeb(Object(Config\Paths))
#13 C:\Gabriel_Main\Gabriel_Project\Gabriel_Project_Pribadi\PHP\laciasmara\system\rewrite.php(44): require_once('C:\\Gabriel_Main...')
#14 {main}
CRITICAL - 2024-08-28 11:22:04 --> CodeIgniter\Database\Exceptions\DatabaseException: Unknown column 'users.deleted_at' in 'where clause'
[Method: GET, Route: /]
in SYSTEMPATH\Database\BaseConnection.php on line 688.
 1 SYSTEMPATH\Database\BaseBuilder.php(1728): CodeIgniter\Database\BaseConnection->query('SELECT COUNT(*) AS `numrows`
FROM `users`
WHERE `users`.`deleted_at` IS NULL', [], false)
 2 SYSTEMPATH\Model.php(678): CodeIgniter\Database\BaseBuilder->countAllResults(false)
 3 SYSTEMPATH\BaseModel.php(1284): CodeIgniter\Model->countAllResults(false)
 4 APPPATH\Controllers\UserController.php(14): CodeIgniter\BaseModel->paginate(10)
 5 SYSTEMPATH\CodeIgniter.php(933): App\Controllers\UserController->index()
 6 SYSTEMPATH\CodeIgniter.php(509): CodeIgniter\CodeIgniter->runController(Object(App\Controllers\UserController))
 7 SYSTEMPATH\CodeIgniter.php(355): CodeIgniter\CodeIgniter->handleRequest(null, Object(Config\Cache), false)
 8 SYSTEMPATH\Boot.php(325): CodeIgniter\CodeIgniter->run()
 9 SYSTEMPATH\Boot.php(67): CodeIgniter\Boot::runCodeIgniter(Object(CodeIgniter\CodeIgniter))
10 FCPATH\index.php(56): CodeIgniter\Boot::bootWeb(Object(Config\Paths))
11 SYSTEMPATH\rewrite.php(44): require_once('C:\\Gabriel_Main\\Gabriel_Project\\Gabriel_Project_Pribadi\\PHP\\laciasmara\\public\\index.php')
CRITICAL - 2024-08-28 11:22:04 --> [Caused by] CodeIgniter\Database\Exceptions\DatabaseException: Unknown column 'users.deleted_at' in 'where clause'
in SYSTEMPATH\Database\MySQLi\Connection.php on line 317.
 1 SYSTEMPATH\Database\BaseConnection.php(734): CodeIgniter\Database\MySQLi\Connection->execute('SELECT COUNT(*) AS `numrows`
FROM `users`
WHERE `users`.`deleted_at` IS NULL')
 2 SYSTEMPATH\Database\BaseConnection.php(648): CodeIgniter\Database\BaseConnection->simpleQuery('SELECT COUNT(*) AS `numrows`
FROM `users`
WHERE `users`.`deleted_at` IS NULL')
 3 SYSTEMPATH\Database\BaseBuilder.php(1728): CodeIgniter\Database\BaseConnection->query('SELECT COUNT(*) AS `numrows`
FROM `users`
WHERE `users`.`deleted_at` IS NULL', [], false)
 4 SYSTEMPATH\Model.php(678): CodeIgniter\Database\BaseBuilder->countAllResults(false)
 5 SYSTEMPATH\BaseModel.php(1284): CodeIgniter\Model->countAllResults(false)
 6 APPPATH\Controllers\UserController.php(14): CodeIgniter\BaseModel->paginate(10)
 7 SYSTEMPATH\CodeIgniter.php(933): App\Controllers\UserController->index()
 8 SYSTEMPATH\CodeIgniter.php(509): CodeIgniter\CodeIgniter->runController(Object(App\Controllers\UserController))
 9 SYSTEMPATH\CodeIgniter.php(355): CodeIgniter\CodeIgniter->handleRequest(null, Object(Config\Cache), false)
10 SYSTEMPATH\Boot.php(325): CodeIgniter\CodeIgniter->run()
11 SYSTEMPATH\Boot.php(67): CodeIgniter\Boot::runCodeIgniter(Object(CodeIgniter\CodeIgniter))
12 FCPATH\index.php(56): CodeIgniter\Boot::bootWeb(Object(Config\Paths))
13 SYSTEMPATH\rewrite.php(44): require_once('C:\\Gabriel_Main\\Gabriel_Project\\Gabriel_Project_Pribadi\\PHP\\laciasmara\\public\\index.php')
CRITICAL - 2024-08-28 11:22:04 --> [Caused by] mysqli_sql_exception: Unknown column 'users.deleted_at' in 'where clause'
in SYSTEMPATH\Database\MySQLi\Connection.php on line 312.
 1 SYSTEMPATH\Database\MySQLi\Connection.php(312): mysqli->query('SELECT COUNT(*) AS `numrows`
FROM `users`
WHERE `users`.`deleted_at` IS NULL', 0)
 2 SYSTEMPATH\Database\BaseConnection.php(734): CodeIgniter\Database\MySQLi\Connection->execute('SELECT COUNT(*) AS `numrows`
FROM `users`
WHERE `users`.`deleted_at` IS NULL')
 3 SYSTEMPATH\Database\BaseConnection.php(648): CodeIgniter\Database\BaseConnection->simpleQuery('SELECT COUNT(*) AS `numrows`
FROM `users`
WHERE `users`.`deleted_at` IS NULL')
 4 SYSTEMPATH\Database\BaseBuilder.php(1728): CodeIgniter\Database\BaseConnection->query('SELECT COUNT(*) AS `numrows`
FROM `users`
WHERE `users`.`deleted_at` IS NULL', [], false)
 5 SYSTEMPATH\Model.php(678): CodeIgniter\Database\BaseBuilder->countAllResults(false)
 6 SYSTEMPATH\BaseModel.php(1284): CodeIgniter\Model->countAllResults(false)
 7 APPPATH\Controllers\UserController.php(14): CodeIgniter\BaseModel->paginate(10)
 8 SYSTEMPATH\CodeIgniter.php(933): App\Controllers\UserController->index()
 9 SYSTEMPATH\CodeIgniter.php(509): CodeIgniter\CodeIgniter->runController(Object(App\Controllers\UserController))
10 SYSTEMPATH\CodeIgniter.php(355): CodeIgniter\CodeIgniter->handleRequest(null, Object(Config\Cache), false)
11 SYSTEMPATH\Boot.php(325): CodeIgniter\CodeIgniter->run()
12 SYSTEMPATH\Boot.php(67): CodeIgniter\Boot::runCodeIgniter(Object(CodeIgniter\CodeIgniter))
13 FCPATH\index.php(56): CodeIgniter\Boot::bootWeb(Object(Config\Paths))
14 SYSTEMPATH\rewrite.php(44): require_once('C:\\Gabriel_Main\\Gabriel_Project\\Gabriel_Project_Pribadi\\PHP\\laciasmara\\public\\index.php')
CRITICAL - 2024-08-28 11:23:14 --> CodeIgniter\View\Exceptions\ViewException: Invalid file: "users/index.php"
[Method: GET, Route: /]
in SYSTEMPATH\Exceptions\FrameworkException.php on line 41.
 1 SYSTEMPATH\View\View.php(222): CodeIgniter\Exceptions\FrameworkException::forInvalidFile('users/index.php')
 2 SYSTEMPATH\Common.php(1169): CodeIgniter\View\View->render('users/index', [], true)
 3 APPPATH\Controllers\UserController.php(17): view('users/index', [...])
 4 SYSTEMPATH\CodeIgniter.php(933): App\Controllers\UserController->index()
 5 SYSTEMPATH\CodeIgniter.php(509): CodeIgniter\CodeIgniter->runController(Object(App\Controllers\UserController))
 6 SYSTEMPATH\CodeIgniter.php(355): CodeIgniter\CodeIgniter->handleRequest(null, Object(Config\Cache), false)
 7 SYSTEMPATH\Boot.php(325): CodeIgniter\CodeIgniter->run()
 8 SYSTEMPATH\Boot.php(67): CodeIgniter\Boot::runCodeIgniter(Object(CodeIgniter\CodeIgniter))
 9 FCPATH\index.php(56): CodeIgniter\Boot::bootWeb(Object(Config\Paths))
10 SYSTEMPATH\rewrite.php(44): require_once('C:\\Gabriel_Main\\Gabriel_Project\\Gabriel_Project_Pribadi\\PHP\\laciasmara\\public\\index.php')
CRITICAL - 2024-08-28 11:58:54 --> CodeIgniter\View\Exceptions\ViewException: Invalid file: "user/layout.php"
[Method: GET, Route: users/create]
in SYSTEMPATH\Exceptions\FrameworkException.php on line 41.
 1 SYSTEMPATH\View\View.php(222): CodeIgniter\Exceptions\FrameworkException::forInvalidFile('user/layout.php')
 2 SYSTEMPATH\View\View.php(250): CodeIgniter\View\View->render('user/layout', [], true)
 3 SYSTEMPATH\Common.php(1169): CodeIgniter\View\View->render('user/create', [], true)
 4 APPPATH\Controllers\UserController.php(22): view('user/create')
 5 SYSTEMPATH\CodeIgniter.php(933): App\Controllers\UserController->create()
 6 SYSTEMPATH\CodeIgniter.php(509): CodeIgniter\CodeIgniter->runController(Object(App\Controllers\UserController))
 7 SYSTEMPATH\CodeIgniter.php(355): CodeIgniter\CodeIgniter->handleRequest(null, Object(Config\Cache), false)
 8 SYSTEMPATH\Boot.php(325): CodeIgniter\CodeIgniter->run()
 9 SYSTEMPATH\Boot.php(67): CodeIgniter\Boot::runCodeIgniter(Object(CodeIgniter\CodeIgniter))
10 FCPATH\index.php(56): CodeIgniter\Boot::bootWeb(Object(Config\Paths))
11 SYSTEMPATH\rewrite.php(44): require_once('C:\\Gabriel_Main\\Gabriel_Project\\Gabriel_Project_Pribadi\\PHP\\laciasmara\\public\\index.php')
CRITICAL - 2024-08-28 12:00:51 --> CodeIgniter\Database\Exceptions\DataException: There is no data to insert.
[Method: POST, Route: users/store]
in SYSTEMPATH\BaseModel.php on line 826.
 1 SYSTEMPATH\BaseModel.php(826): CodeIgniter\Database\Exceptions\DataException::forEmptyDataset('insert')
 2 SYSTEMPATH\Model.php(802): CodeIgniter\BaseModel->insert([], false)
 3 SYSTEMPATH\BaseModel.php(751): CodeIgniter\Model->insert([...], false)
 4 APPPATH\Controllers\UserController.php(35): CodeIgniter\BaseModel->save([...])
 5 SYSTEMPATH\CodeIgniter.php(933): App\Controllers\UserController->store()
 6 SYSTEMPATH\CodeIgniter.php(509): CodeIgniter\CodeIgniter->runController(Object(App\Controllers\UserController))
 7 SYSTEMPATH\CodeIgniter.php(355): CodeIgniter\CodeIgniter->handleRequest(null, Object(Config\Cache), false)
 8 SYSTEMPATH\Boot.php(325): CodeIgniter\CodeIgniter->run()
 9 SYSTEMPATH\Boot.php(67): CodeIgniter\Boot::runCodeIgniter(Object(CodeIgniter\CodeIgniter))
10 FCPATH\index.php(56): CodeIgniter\Boot::bootWeb(Object(Config\Paths))
11 SYSTEMPATH\rewrite.php(44): require_once('C:\\Gabriel_Main\\Gabriel_Project\\Gabriel_Project_Pribadi\\PHP\\laciasmara\\public\\index.php')
CRITICAL - 2024-08-28 12:04:05 --> CodeIgniter\Database\Exceptions\DataException: There is no data to insert.
[Method: POST, Route: users/store]
in SYSTEMPATH\BaseModel.php on line 826.
 1 SYSTEMPATH\BaseModel.php(826): CodeIgniter\Database\Exceptions\DataException::forEmptyDataset('insert')
 2 SYSTEMPATH\Model.php(802): CodeIgniter\BaseModel->insert([], false)
 3 SYSTEMPATH\BaseModel.php(751): CodeIgniter\Model->insert([...], false)
 4 APPPATH\Controllers\UserController.php(35): CodeIgniter\BaseModel->save([...])
 5 SYSTEMPATH\CodeIgniter.php(933): App\Controllers\UserController->store()
 6 SYSTEMPATH\CodeIgniter.php(509): CodeIgniter\CodeIgniter->runController(Object(App\Controllers\UserController))
 7 SYSTEMPATH\CodeIgniter.php(355): CodeIgniter\CodeIgniter->handleRequest(null, Object(Config\Cache), false)
 8 SYSTEMPATH\Boot.php(325): CodeIgniter\CodeIgniter->run()
 9 SYSTEMPATH\Boot.php(67): CodeIgniter\Boot::runCodeIgniter(Object(CodeIgniter\CodeIgniter))
10 FCPATH\index.php(56): CodeIgniter\Boot::bootWeb(Object(Config\Paths))
11 SYSTEMPATH\rewrite.php(44): require_once('C:\\Gabriel_Main\\Gabriel_Project\\Gabriel_Project_Pribadi\\PHP\\laciasmara\\public\\index.php')
CRITICAL - 2024-08-28 12:04:10 --> CodeIgniter\Database\Exceptions\DataException: There is no data to insert.
[Method: POST, Route: users/store]
in SYSTEMPATH\BaseModel.php on line 826.
 1 SYSTEMPATH\BaseModel.php(826): CodeIgniter\Database\Exceptions\DataException::forEmptyDataset('insert')
 2 SYSTEMPATH\Model.php(802): CodeIgniter\BaseModel->insert([], false)
 3 SYSTEMPATH\BaseModel.php(751): CodeIgniter\Model->insert([...], false)
 4 APPPATH\Controllers\UserController.php(35): CodeIgniter\BaseModel->save([...])
 5 SYSTEMPATH\CodeIgniter.php(933): App\Controllers\UserController->store()
 6 SYSTEMPATH\CodeIgniter.php(509): CodeIgniter\CodeIgniter->runController(Object(App\Controllers\UserController))
 7 SYSTEMPATH\CodeIgniter.php(355): CodeIgniter\CodeIgniter->handleRequest(null, Object(Config\Cache), false)
 8 SYSTEMPATH\Boot.php(325): CodeIgniter\CodeIgniter->run()
 9 SYSTEMPATH\Boot.php(67): CodeIgniter\Boot::runCodeIgniter(Object(CodeIgniter\CodeIgniter))
10 FCPATH\index.php(56): CodeIgniter\Boot::bootWeb(Object(Config\Paths))
11 SYSTEMPATH\rewrite.php(44): require_once('C:\\Gabriel_Main\\Gabriel_Project\\Gabriel_Project_Pribadi\\PHP\\laciasmara\\public\\index.php')
CRITICAL - 2024-08-28 12:05:26 --> CodeIgniter\Database\Exceptions\DataException: There is no data to insert.
[Method: POST, Route: users/store]
in SYSTEMPATH\BaseModel.php on line 826.
 1 SYSTEMPATH\BaseModel.php(826): CodeIgniter\Database\Exceptions\DataException::forEmptyDataset('insert')
 2 SYSTEMPATH\Model.php(802): CodeIgniter\BaseModel->insert([], false)
 3 SYSTEMPATH\BaseModel.php(751): CodeIgniter\Model->insert([...], false)
 4 APPPATH\Controllers\UserController.php(41): CodeIgniter\BaseModel->save([...])
 5 SYSTEMPATH\CodeIgniter.php(933): App\Controllers\UserController->store()
 6 SYSTEMPATH\CodeIgniter.php(509): CodeIgniter\CodeIgniter->runController(Object(App\Controllers\UserController))
 7 SYSTEMPATH\CodeIgniter.php(355): CodeIgniter\CodeIgniter->handleRequest(null, Object(Config\Cache), false)
 8 SYSTEMPATH\Boot.php(325): CodeIgniter\CodeIgniter->run()
 9 SYSTEMPATH\Boot.php(67): CodeIgniter\Boot::runCodeIgniter(Object(CodeIgniter\CodeIgniter))
10 FCPATH\index.php(56): CodeIgniter\Boot::bootWeb(Object(Config\Paths))
11 SYSTEMPATH\rewrite.php(44): require_once('C:\\Gabriel_Main\\Gabriel_Project\\Gabriel_Project_Pribadi\\PHP\\laciasmara\\public\\index.php')
CRITICAL - 2024-08-28 12:05:39 --> CodeIgniter\Database\Exceptions\DataException: There is no data to insert.
[Method: POST, Route: users/store]
in SYSTEMPATH\BaseModel.php on line 826.
 1 SYSTEMPATH\BaseModel.php(826): CodeIgniter\Database\Exceptions\DataException::forEmptyDataset('insert')
 2 SYSTEMPATH\Model.php(802): CodeIgniter\BaseModel->insert([], false)
 3 SYSTEMPATH\BaseModel.php(751): CodeIgniter\Model->insert([...], false)
 4 APPPATH\Controllers\UserController.php(41): CodeIgniter\BaseModel->save([...])
 5 SYSTEMPATH\CodeIgniter.php(933): App\Controllers\UserController->store()
 6 SYSTEMPATH\CodeIgniter.php(509): CodeIgniter\CodeIgniter->runController(Object(App\Controllers\UserController))
 7 SYSTEMPATH\CodeIgniter.php(355): CodeIgniter\CodeIgniter->handleRequest(null, Object(Config\Cache), false)
 8 SYSTEMPATH\Boot.php(325): CodeIgniter\CodeIgniter->run()
 9 SYSTEMPATH\Boot.php(67): CodeIgniter\Boot::runCodeIgniter(Object(CodeIgniter\CodeIgniter))
10 FCPATH\index.php(56): CodeIgniter\Boot::bootWeb(Object(Config\Paths))
11 SYSTEMPATH\rewrite.php(44): require_once('C:\\Gabriel_Main\\Gabriel_Project\\Gabriel_Project_Pribadi\\PHP\\laciasmara\\public\\index.php')
CRITICAL - 2024-08-28 12:06:35 --> CodeIgniter\Database\Exceptions\DataException: There is no data to insert.
[Method: POST, Route: users/store]
in SYSTEMPATH\BaseModel.php on line 826.
 1 SYSTEMPATH\BaseModel.php(826): CodeIgniter\Database\Exceptions\DataException::forEmptyDataset('insert')
 2 SYSTEMPATH\Model.php(802): CodeIgniter\BaseModel->insert([], false)
 3 SYSTEMPATH\BaseModel.php(751): CodeIgniter\Model->insert([...], false)
 4 APPPATH\Controllers\UserController.php(39): CodeIgniter\BaseModel->save([...])
 5 SYSTEMPATH\CodeIgniter.php(933): App\Controllers\UserController->store()
 6 SYSTEMPATH\CodeIgniter.php(509): CodeIgniter\CodeIgniter->runController(Object(App\Controllers\UserController))
 7 SYSTEMPATH\CodeIgniter.php(355): CodeIgniter\CodeIgniter->handleRequest(null, Object(Config\Cache), false)
 8 SYSTEMPATH\Boot.php(325): CodeIgniter\CodeIgniter->run()
 9 SYSTEMPATH\Boot.php(67): CodeIgniter\Boot::runCodeIgniter(Object(CodeIgniter\CodeIgniter))
10 FCPATH\index.php(56): CodeIgniter\Boot::bootWeb(Object(Config\Paths))
11 SYSTEMPATH\rewrite.php(44): require_once('C:\\Gabriel_Main\\Gabriel_Project\\Gabriel_Project_Pribadi\\PHP\\laciasmara\\public\\index.php')
CRITICAL - 2024-08-28 14:06:55 --> CodeIgniter\Pager\Exceptions\PagerException: "custom_pagination" is not a valid Pager template.
[Method: GET, Route: /]
in SYSTEMPATH\Pager\Pager.php on line 124.
 1 SYSTEMPATH\Pager\Pager.php(124): CodeIgniter\Pager\Exceptions\PagerException::forInvalidTemplate('custom_pagination')
 2 SYSTEMPATH\Pager\Pager.php(87): CodeIgniter\Pager\Pager->displayLinks('default', 'custom_pagination')
 3 APPPATH\Views\user\index.php(61): CodeIgniter\Pager\Pager->links('default', 'custom_pagination')
 4 SYSTEMPATH\View\View.php(234): include('C:\\Gabriel_Main\\Gabriel_Project\\Gabriel_Project_Pribadi\\PHP\\laciasmara\\app\\Views\\user\\index.php')
 5 SYSTEMPATH\View\View.php(237): CodeIgniter\View\View->CodeIgniter\View\{closure}()
 6 SYSTEMPATH\Common.php(1169): CodeIgniter\View\View->render('user/index', [], true)
 7 APPPATH\Controllers\UserController.php(17): view('user/index', [...])
 8 SYSTEMPATH\CodeIgniter.php(933): App\Controllers\UserController->index()
 9 SYSTEMPATH\CodeIgniter.php(509): CodeIgniter\CodeIgniter->runController(Object(App\Controllers\UserController))
10 SYSTEMPATH\CodeIgniter.php(355): CodeIgniter\CodeIgniter->handleRequest(null, Object(Config\Cache), false)
11 SYSTEMPATH\Boot.php(325): CodeIgniter\CodeIgniter->run()
12 SYSTEMPATH\Boot.php(67): CodeIgniter\Boot::runCodeIgniter(Object(CodeIgniter\CodeIgniter))
13 FCPATH\index.php(56): CodeIgniter\Boot::bootWeb(Object(Config\Paths))
CRITICAL - 2024-08-28 14:09:45 --> Error: Call to undefined method CodeIgniter\Pager\Pager::hasPrevious()
[Method: GET, Route: /]
in APPPATH\Views\user\index.php on line 63.
 1 SYSTEMPATH\View\View.php(234): include()
 2 SYSTEMPATH\View\View.php(237): CodeIgniter\View\View->CodeIgniter\View\{closure}()
 3 SYSTEMPATH\Common.php(1169): CodeIgniter\View\View->render('user/index', [], true)
 4 APPPATH\Controllers\UserController.php(17): view('user/index', [...])
 5 SYSTEMPATH\CodeIgniter.php(933): App\Controllers\UserController->index()
 6 SYSTEMPATH\CodeIgniter.php(509): CodeIgniter\CodeIgniter->runController(Object(App\Controllers\UserController))
 7 SYSTEMPATH\CodeIgniter.php(355): CodeIgniter\CodeIgniter->handleRequest(null, Object(Config\Cache), false)
 8 SYSTEMPATH\Boot.php(325): CodeIgniter\CodeIgniter->run()
 9 SYSTEMPATH\Boot.php(67): CodeIgniter\Boot::runCodeIgniter(Object(CodeIgniter\CodeIgniter))
10 FCPATH\index.php(56): CodeIgniter\Boot::bootWeb(Object(Config\Paths))
CRITICAL - 2024-08-28 14:11:30 --> CodeIgniter\Pager\Exceptions\PagerException: "pagination" is not a valid Pager template.
[Method: GET, Route: /]
in SYSTEMPATH\Pager\Pager.php on line 124.
 1 SYSTEMPATH\Pager\Pager.php(124): CodeIgniter\Pager\Exceptions\PagerException::forInvalidTemplate('pagination')
 2 SYSTEMPATH\Pager\Pager.php(87): CodeIgniter\Pager\Pager->displayLinks('default', 'pagination')
 3 APPPATH\Views\user\index.php(63): CodeIgniter\Pager\Pager->links('default', 'pagination')
 4 SYSTEMPATH\View\View.php(234): include('C:\\Gabriel_Main\\Gabriel_Project\\Gabriel_Project_Pribadi\\PHP\\laciasmara\\app\\Views\\user\\index.php')
 5 SYSTEMPATH\View\View.php(237): CodeIgniter\View\View->CodeIgniter\View\{closure}()
 6 SYSTEMPATH\Common.php(1169): CodeIgniter\View\View->render('user/index', [], true)
 7 APPPATH\Controllers\UserController.php(17): view('user/index', [...])
 8 SYSTEMPATH\CodeIgniter.php(933): App\Controllers\UserController->index()
 9 SYSTEMPATH\CodeIgniter.php(509): CodeIgniter\CodeIgniter->runController(Object(App\Controllers\UserController))
10 SYSTEMPATH\CodeIgniter.php(355): CodeIgniter\CodeIgniter->handleRequest(null, Object(Config\Cache), false)
11 SYSTEMPATH\Boot.php(325): CodeIgniter\CodeIgniter->run()
12 SYSTEMPATH\Boot.php(67): CodeIgniter\Boot::runCodeIgniter(Object(CodeIgniter\CodeIgniter))
13 FCPATH\index.php(56): CodeIgniter\Boot::bootWeb(Object(Config\Paths))
CRITICAL - 2024-08-28 14:11:45 --> CodeIgniter\Pager\Exceptions\PagerException: "pagination" is not a valid Pager template.
[Method: GET, Route: /]
in SYSTEMPATH\Pager\Pager.php on line 124.
 1 SYSTEMPATH\Pager\Pager.php(124): CodeIgniter\Pager\Exceptions\PagerException::forInvalidTemplate('pagination')
 2 SYSTEMPATH\Pager\Pager.php(87): CodeIgniter\Pager\Pager->displayLinks('default', 'pagination')
 3 APPPATH\Views\user\index.php(63): CodeIgniter\Pager\Pager->links('default', 'pagination')
 4 SYSTEMPATH\View\View.php(234): include('C:\\Gabriel_Main\\Gabriel_Project\\Gabriel_Project_Pribadi\\PHP\\laciasmara\\app\\Views\\user\\index.php')
 5 SYSTEMPATH\View\View.php(237): CodeIgniter\View\View->CodeIgniter\View\{closure}()
 6 SYSTEMPATH\Common.php(1169): CodeIgniter\View\View->render('user/index', [], true)
 7 APPPATH\Controllers\UserController.php(17): view('user/index', [...])
 8 SYSTEMPATH\CodeIgniter.php(933): App\Controllers\UserController->index()
 9 SYSTEMPATH\CodeIgniter.php(509): CodeIgniter\CodeIgniter->runController(Object(App\Controllers\UserController))
10 SYSTEMPATH\CodeIgniter.php(355): CodeIgniter\CodeIgniter->handleRequest(null, Object(Config\Cache), false)
11 SYSTEMPATH\Boot.php(325): CodeIgniter\CodeIgniter->run()
12 SYSTEMPATH\Boot.php(67): CodeIgniter\Boot::runCodeIgniter(Object(CodeIgniter\CodeIgniter))
13 FCPATH\index.php(56): CodeIgniter\Boot::bootWeb(Object(Config\Paths))
CRITICAL - 2024-08-28 14:11:46 --> CodeIgniter\Pager\Exceptions\PagerException: "pagination" is not a valid Pager template.
[Method: GET, Route: /]
in SYSTEMPATH\Pager\Pager.php on line 124.
 1 SYSTEMPATH\Pager\Pager.php(124): CodeIgniter\Pager\Exceptions\PagerException::forInvalidTemplate('pagination')
 2 SYSTEMPATH\Pager\Pager.php(87): CodeIgniter\Pager\Pager->displayLinks('default', 'pagination')
 3 APPPATH\Views\user\index.php(63): CodeIgniter\Pager\Pager->links('default', 'pagination')
 4 SYSTEMPATH\View\View.php(234): include('C:\\Gabriel_Main\\Gabriel_Project\\Gabriel_Project_Pribadi\\PHP\\laciasmara\\app\\Views\\user\\index.php')
 5 SYSTEMPATH\View\View.php(237): CodeIgniter\View\View->CodeIgniter\View\{closure}()
 6 SYSTEMPATH\Common.php(1169): CodeIgniter\View\View->render('user/index', [], true)
 7 APPPATH\Controllers\UserController.php(17): view('user/index', [...])
 8 SYSTEMPATH\CodeIgniter.php(933): App\Controllers\UserController->index()
 9 SYSTEMPATH\CodeIgniter.php(509): CodeIgniter\CodeIgniter->runController(Object(App\Controllers\UserController))
10 SYSTEMPATH\CodeIgniter.php(355): CodeIgniter\CodeIgniter->handleRequest(null, Object(Config\Cache), false)
11 SYSTEMPATH\Boot.php(325): CodeIgniter\CodeIgniter->run()
12 SYSTEMPATH\Boot.php(67): CodeIgniter\Boot::runCodeIgniter(Object(CodeIgniter\CodeIgniter))
13 FCPATH\index.php(56): CodeIgniter\Boot::bootWeb(Object(Config\Paths))
CRITICAL - 2024-08-28 14:13:32 --> CodeIgniter\Pager\Exceptions\PagerException: "pagination_custom" is not a valid Pager template.
[Method: GET, Route: /]
in SYSTEMPATH\Pager\Pager.php on line 124.
 1 SYSTEMPATH\Pager\Pager.php(124): CodeIgniter\Pager\Exceptions\PagerException::forInvalidTemplate('pagination_custom')
 2 SYSTEMPATH\Pager\Pager.php(87): CodeIgniter\Pager\Pager->displayLinks('default', 'pagination_custom')
 3 APPPATH\Views\user\index.php(63): CodeIgniter\Pager\Pager->links('default', 'pagination_custom')
 4 SYSTEMPATH\View\View.php(234): include('C:\\Gabriel_Main\\Gabriel_Project\\Gabriel_Project_Pribadi\\PHP\\laciasmara\\app\\Views\\user\\index.php')
 5 SYSTEMPATH\View\View.php(237): CodeIgniter\View\View->CodeIgniter\View\{closure}()
 6 SYSTEMPATH\Common.php(1169): CodeIgniter\View\View->render('user/index', [], true)
 7 APPPATH\Controllers\UserController.php(17): view('user/index', [...])
 8 SYSTEMPATH\CodeIgniter.php(933): App\Controllers\UserController->index()
 9 SYSTEMPATH\CodeIgniter.php(509): CodeIgniter\CodeIgniter->runController(Object(App\Controllers\UserController))
10 SYSTEMPATH\CodeIgniter.php(355): CodeIgniter\CodeIgniter->handleRequest(null, Object(Config\Cache), false)
11 SYSTEMPATH\Boot.php(325): CodeIgniter\CodeIgniter->run()
12 SYSTEMPATH\Boot.php(67): CodeIgniter\Boot::runCodeIgniter(Object(CodeIgniter\CodeIgniter))
13 FCPATH\index.php(56): CodeIgniter\Boot::bootWeb(Object(Config\Paths))
CRITICAL - 2024-08-28 14:13:33 --> CodeIgniter\Pager\Exceptions\PagerException: "pagination_custom" is not a valid Pager template.
[Method: GET, Route: /]
in SYSTEMPATH\Pager\Pager.php on line 124.
 1 SYSTEMPATH\Pager\Pager.php(124): CodeIgniter\Pager\Exceptions\PagerException::forInvalidTemplate('pagination_custom')
 2 SYSTEMPATH\Pager\Pager.php(87): CodeIgniter\Pager\Pager->displayLinks('default', 'pagination_custom')
 3 APPPATH\Views\user\index.php(63): CodeIgniter\Pager\Pager->links('default', 'pagination_custom')
 4 SYSTEMPATH\View\View.php(234): include('C:\\Gabriel_Main\\Gabriel_Project\\Gabriel_Project_Pribadi\\PHP\\laciasmara\\app\\Views\\user\\index.php')
 5 SYSTEMPATH\View\View.php(237): CodeIgniter\View\View->CodeIgniter\View\{closure}()
 6 SYSTEMPATH\Common.php(1169): CodeIgniter\View\View->render('user/index', [], true)
 7 APPPATH\Controllers\UserController.php(17): view('user/index', [...])
 8 SYSTEMPATH\CodeIgniter.php(933): App\Controllers\UserController->index()
 9 SYSTEMPATH\CodeIgniter.php(509): CodeIgniter\CodeIgniter->runController(Object(App\Controllers\UserController))
10 SYSTEMPATH\CodeIgniter.php(355): CodeIgniter\CodeIgniter->handleRequest(null, Object(Config\Cache), false)
11 SYSTEMPATH\Boot.php(325): CodeIgniter\CodeIgniter->run()
12 SYSTEMPATH\Boot.php(67): CodeIgniter\Boot::runCodeIgniter(Object(CodeIgniter\CodeIgniter))
13 FCPATH\index.php(56): CodeIgniter\Boot::bootWeb(Object(Config\Paths))
CRITICAL - 2024-08-28 14:33:39 --> Error: Call to undefined method CodeIgniter\Pager\Pager::hasPrevious()
[Method: GET, Route: /]
in APPPATH\Views\user\index.php on line 63.
 1 SYSTEMPATH\View\View.php(234): include()
 2 SYSTEMPATH\View\View.php(237): CodeIgniter\View\View->CodeIgniter\View\{closure}()
 3 SYSTEMPATH\Common.php(1169): CodeIgniter\View\View->render('user/index', [], true)
 4 APPPATH\Controllers\UserController.php(17): view('user/index', [...])
 5 SYSTEMPATH\CodeIgniter.php(933): App\Controllers\UserController->index()
 6 SYSTEMPATH\CodeIgniter.php(509): CodeIgniter\CodeIgniter->runController(Object(App\Controllers\UserController))
 7 SYSTEMPATH\CodeIgniter.php(355): CodeIgniter\CodeIgniter->handleRequest(null, Object(Config\Cache), false)
 8 SYSTEMPATH\Boot.php(325): CodeIgniter\CodeIgniter->run()
 9 SYSTEMPATH\Boot.php(67): CodeIgniter\Boot::runCodeIgniter(Object(CodeIgniter\CodeIgniter))
10 FCPATH\index.php(56): CodeIgniter\Boot::bootWeb(Object(Config\Paths))
CRITICAL - 2024-08-28 14:34:53 --> ErrorException: foreach() argument must be of type array|object, string given
[Method: GET, Route: /]
in APPPATH\Views\user\index.php on line 72.
 1 APPPATH\Views\user\index.php(72): CodeIgniter\Debug\Exceptions->errorHandler(2, 'foreach() argument must be of type array|object, string given', 'C:\\Gabriel_Main\\Gabriel_Project\\Gabriel_Project_Pribadi\\PHP\\laciasmara\\app\\Views\\user\\index.php', 72)
 2 SYSTEMPATH\View\View.php(234): include('C:\\Gabriel_Main\\Gabriel_Project\\Gabriel_Project_Pribadi\\PHP\\laciasmara\\app\\Views\\user\\index.php')
 3 SYSTEMPATH\View\View.php(237): CodeIgniter\View\View->CodeIgniter\View\{closure}()
 4 SYSTEMPATH\Common.php(1169): CodeIgniter\View\View->render('user/index', [], true)
 5 APPPATH\Controllers\UserController.php(17): view('user/index', [...])
 6 SYSTEMPATH\CodeIgniter.php(933): App\Controllers\UserController->index()
 7 SYSTEMPATH\CodeIgniter.php(509): CodeIgniter\CodeIgniter->runController(Object(App\Controllers\UserController))
 8 SYSTEMPATH\CodeIgniter.php(355): CodeIgniter\CodeIgniter->handleRequest(null, Object(Config\Cache), false)
 9 SYSTEMPATH\Boot.php(325): CodeIgniter\CodeIgniter->run()
10 SYSTEMPATH\Boot.php(67): CodeIgniter\Boot::runCodeIgniter(Object(CodeIgniter\CodeIgniter))
11 FCPATH\index.php(56): CodeIgniter\Boot::bootWeb(Object(Config\Paths))
ERROR - 2024-08-28 14:54:09 --> mysqli_sql_exception: Unknown column 'name' in 'where clause' in C:\Gabriel_Main\Gabriel_Project\Gabriel_Project_Pribadi\PHP\laciasmara\system\Database\MySQLi\Connection.php:312
Stack trace:
#0 C:\Gabriel_Main\Gabriel_Project\Gabriel_Project_Pribadi\PHP\laciasmara\system\Database\MySQLi\Connection.php(312): mysqli->query('SELECT COUNT(*)...', 0)
#1 C:\Gabriel_Main\Gabriel_Project\Gabriel_Project_Pribadi\PHP\laciasmara\system\Database\BaseConnection.php(734): CodeIgniter\Database\MySQLi\Connection->execute('SELECT COUNT(*)...')
#2 C:\Gabriel_Main\Gabriel_Project\Gabriel_Project_Pribadi\PHP\laciasmara\system\Database\BaseConnection.php(648): CodeIgniter\Database\BaseConnection->simpleQuery('SELECT COUNT(*)...')
#3 C:\Gabriel_Main\Gabriel_Project\Gabriel_Project_Pribadi\PHP\laciasmara\system\Database\BaseBuilder.php(1728): CodeIgniter\Database\BaseConnection->query('SELECT COUNT(*)...', Array, false)
#4 C:\Gabriel_Main\Gabriel_Project\Gabriel_Project_Pribadi\PHP\laciasmara\system\Model.php(678): CodeIgniter\Database\BaseBuilder->countAllResults(false)
#5 C:\Gabriel_Main\Gabriel_Project\Gabriel_Project_Pribadi\PHP\laciasmara\system\BaseModel.php(1284): CodeIgniter\Model->countAllResults(false)
#6 C:\Gabriel_Main\Gabriel_Project\Gabriel_Project_Pribadi\PHP\laciasmara\app\Controllers\UserController.php(81): CodeIgniter\BaseModel->paginate(5)
#7 C:\Gabriel_Main\Gabriel_Project\Gabriel_Project_Pribadi\PHP\laciasmara\system\CodeIgniter.php(933): App\Controllers\UserController->search()
#8 C:\Gabriel_Main\Gabriel_Project\Gabriel_Project_Pribadi\PHP\laciasmara\system\CodeIgniter.php(509): CodeIgniter\CodeIgniter->runController(Object(App\Controllers\UserController))
#9 C:\Gabriel_Main\Gabriel_Project\Gabriel_Project_Pribadi\PHP\laciasmara\system\CodeIgniter.php(355): CodeIgniter\CodeIgniter->handleRequest(NULL, Object(Config\Cache), false)
#10 C:\Gabriel_Main\Gabriel_Project\Gabriel_Project_Pribadi\PHP\laciasmara\system\Boot.php(325): CodeIgniter\CodeIgniter->run()
#11 C:\Gabriel_Main\Gabriel_Project\Gabriel_Project_Pribadi\PHP\laciasmara\system\Boot.php(67): CodeIgniter\Boot::runCodeIgniter(Object(CodeIgniter\CodeIgniter))
#12 C:\Gabriel_Main\Gabriel_Project\Gabriel_Project_Pribadi\PHP\laciasmara\public\index.php(56): CodeIgniter\Boot::bootWeb(Object(Config\Paths))
#13 C:\Gabriel_Main\Gabriel_Project\Gabriel_Project_Pribadi\PHP\laciasmara\system\rewrite.php(44): require_once('C:\\Gabriel_Main...')
#14 {main}
CRITICAL - 2024-08-28 14:54:09 --> CodeIgniter\Database\Exceptions\DatabaseException: Unknown column 'name' in 'where clause'
[Method: GET, Route: users/search]
in SYSTEMPATH\Database\BaseConnection.php on line 688.
 1 SYSTEMPATH\Database\BaseBuilder.php(1728): CodeIgniter\Database\BaseConnection->query('SELECT COUNT(*) AS `numrows`
FROM `users`
WHERE `name` LIKE :name: ESCAPE \'!\'
OR  `id` LIKE :id: ESCAPE \'!\'
AND `users`.`deleted_at` IS NULL', [...], false)
 2 SYSTEMPATH\Model.php(678): CodeIgniter\Database\BaseBuilder->countAllResults(false)
 3 SYSTEMPATH\BaseModel.php(1284): CodeIgniter\Model->countAllResults(false)
 4 APPPATH\Controllers\UserController.php(81): CodeIgniter\BaseModel->paginate(5)
 5 SYSTEMPATH\CodeIgniter.php(933): App\Controllers\UserController->search()
 6 SYSTEMPATH\CodeIgniter.php(509): CodeIgniter\CodeIgniter->runController(Object(App\Controllers\UserController))
 7 SYSTEMPATH\CodeIgniter.php(355): CodeIgniter\CodeIgniter->handleRequest(null, Object(Config\Cache), false)
 8 SYSTEMPATH\Boot.php(325): CodeIgniter\CodeIgniter->run()
 9 SYSTEMPATH\Boot.php(67): CodeIgniter\Boot::runCodeIgniter(Object(CodeIgniter\CodeIgniter))
10 FCPATH\index.php(56): CodeIgniter\Boot::bootWeb(Object(Config\Paths))
11 SYSTEMPATH\rewrite.php(44): require_once('C:\\Gabriel_Main\\Gabriel_Project\\Gabriel_Project_Pribadi\\PHP\\laciasmara\\public\\index.php')
CRITICAL - 2024-08-28 14:54:09 --> [Caused by] CodeIgniter\Database\Exceptions\DatabaseException: Unknown column 'name' in 'where clause'
in SYSTEMPATH\Database\MySQLi\Connection.php on line 317.
 1 SYSTEMPATH\Database\BaseConnection.php(734): CodeIgniter\Database\MySQLi\Connection->execute('SELECT COUNT(*) AS `numrows`
FROM `users`
WHERE `name` LIKE \'%gasd%\' ESCAPE \'!\'
OR  `id` LIKE \'%gasd%\' ESCAPE \'!\'
AND `users`.`deleted_at` IS NULL')
 2 SYSTEMPATH\Database\BaseConnection.php(648): CodeIgniter\Database\BaseConnection->simpleQuery('SELECT COUNT(*) AS `numrows`
FROM `users`
WHERE `name` LIKE \'%gasd%\' ESCAPE \'!\'
OR  `id` LIKE \'%gasd%\' ESCAPE \'!\'
AND `users`.`deleted_at` IS NULL')
 3 SYSTEMPATH\Database\BaseBuilder.php(1728): CodeIgniter\Database\BaseConnection->query('SELECT COUNT(*) AS `numrows`
FROM `users`
WHERE `name` LIKE :name: ESCAPE \'!\'
OR  `id` LIKE :id: ESCAPE \'!\'
AND `users`.`deleted_at` IS NULL', [...], false)
 4 SYSTEMPATH\Model.php(678): CodeIgniter\Database\BaseBuilder->countAllResults(false)
 5 SYSTEMPATH\BaseModel.php(1284): CodeIgniter\Model->countAllResults(false)
 6 APPPATH\Controllers\UserController.php(81): CodeIgniter\BaseModel->paginate(5)
 7 SYSTEMPATH\CodeIgniter.php(933): App\Controllers\UserController->search()
 8 SYSTEMPATH\CodeIgniter.php(509): CodeIgniter\CodeIgniter->runController(Object(App\Controllers\UserController))
 9 SYSTEMPATH\CodeIgniter.php(355): CodeIgniter\CodeIgniter->handleRequest(null, Object(Config\Cache), false)
10 SYSTEMPATH\Boot.php(325): CodeIgniter\CodeIgniter->run()
11 SYSTEMPATH\Boot.php(67): CodeIgniter\Boot::runCodeIgniter(Object(CodeIgniter\CodeIgniter))
12 FCPATH\index.php(56): CodeIgniter\Boot::bootWeb(Object(Config\Paths))
13 SYSTEMPATH\rewrite.php(44): require_once('C:\\Gabriel_Main\\Gabriel_Project\\Gabriel_Project_Pribadi\\PHP\\laciasmara\\public\\index.php')
CRITICAL - 2024-08-28 14:54:09 --> [Caused by] mysqli_sql_exception: Unknown column 'name' in 'where clause'
in SYSTEMPATH\Database\MySQLi\Connection.php on line 312.
 1 SYSTEMPATH\Database\MySQLi\Connection.php(312): mysqli->query('SELECT COUNT(*) AS `numrows`
FROM `users`
WHERE `name` LIKE \'%gasd%\' ESCAPE \'!\'
OR  `id` LIKE \'%gasd%\' ESCAPE \'!\'
AND `users`.`deleted_at` IS NULL', 0)
 2 SYSTEMPATH\Database\BaseConnection.php(734): CodeIgniter\Database\MySQLi\Connection->execute('SELECT COUNT(*) AS `numrows`
FROM `users`
WHERE `name` LIKE \'%gasd%\' ESCAPE \'!\'
OR  `id` LIKE \'%gasd%\' ESCAPE \'!\'
AND `users`.`deleted_at` IS NULL')
 3 SYSTEMPATH\Database\BaseConnection.php(648): CodeIgniter\Database\BaseConnection->simpleQuery('SELECT COUNT(*) AS `numrows`
FROM `users`
WHERE `name` LIKE \'%gasd%\' ESCAPE \'!\'
OR  `id` LIKE \'%gasd%\' ESCAPE \'!\'
AND `users`.`deleted_at` IS NULL')
 4 SYSTEMPATH\Database\BaseBuilder.php(1728): CodeIgniter\Database\BaseConnection->query('SELECT COUNT(*) AS `numrows`
FROM `users`
WHERE `name` LIKE :name: ESCAPE \'!\'
OR  `id` LIKE :id: ESCAPE \'!\'
AND `users`.`deleted_at` IS NULL', [...], false)
 5 SYSTEMPATH\Model.php(678): CodeIgniter\Database\BaseBuilder->countAllResults(false)
 6 SYSTEMPATH\BaseModel.php(1284): CodeIgniter\Model->countAllResults(false)
 7 APPPATH\Controllers\UserController.php(81): CodeIgniter\BaseModel->paginate(5)
 8 SYSTEMPATH\CodeIgniter.php(933): App\Controllers\UserController->search()
 9 SYSTEMPATH\CodeIgniter.php(509): CodeIgniter\CodeIgniter->runController(Object(App\Controllers\UserController))
10 SYSTEMPATH\CodeIgniter.php(355): CodeIgniter\CodeIgniter->handleRequest(null, Object(Config\Cache), false)
11 SYSTEMPATH\Boot.php(325): CodeIgniter\CodeIgniter->run()
12 SYSTEMPATH\Boot.php(67): CodeIgniter\Boot::runCodeIgniter(Object(CodeIgniter\CodeIgniter))
13 FCPATH\index.php(56): CodeIgniter\Boot::bootWeb(Object(Config\Paths))
14 SYSTEMPATH\rewrite.php(44): require_once('C:\\Gabriel_Main\\Gabriel_Project\\Gabriel_Project_Pribadi\\PHP\\laciasmara\\public\\index.php')
